<?xml version="1.0" encoding="UTF-8"?>
<!-- Generated by org.testng.reporters.JUnitXMLReporter -->
<testsuite hostname="DESKTOP-H00KT5A" ignored="0" name="Test" tests="3" failures="1" timestamp="29 Jul 2023 02:52:45 GMT" time="0.392" errors="0">
  <testcase name="test_01" time="0.04" classname="com.tests.LoginTest"/>
  <testcase name="test_02" time="0.007" classname="com.tests.LoginTest">
    <failure type="java.lang.AssertionError" message="expected [true] but found [false]">
      <![CDATA[java.lang.AssertionError: expected [true] but found [false]
at com.tests.LoginTest.test_02(LoginTest.java:23)
... Removed 29 stack frames]]>
    </failure>
  </testcase> <!-- test_02 -->
  <testcase name="test_03" time="0.005" classname="com.tests.LoginTest">
    <skipped/>
  </testcase> <!-- test_03 -->
</testsuite> <!-- Test -->
